Flow report for projeto-final
Wed May 29 17:29:59 2024
Quartus Prime Version 17.1.0 Build 590 10/25/2017 SJ Lite Edition


---------------------
; Table of Contents ;
---------------------
  1. Legal Notice
  2. Flow Summary
  3. Flow Settings
  4. Flow Non-Default Global Settings
  5. Flow Elapsed Time
  6. Flow OS Summary
  7. Flow Log
  8. Flow Messages
  9. Flow Suppressed Messages



----------------
; Legal Notice ;
----------------
Copyright (C) 2017  Intel Corporation. All rights reserved.
Your use of Intel Corporation's design tools, logic functions 
and other software and tools, and its AMPP partner logic 
functions, and any output files from any of the foregoing 
(including device programming or simulation files), and any 
associated documentation or information are expressly subject 
to the terms and conditions of the Intel Program License 
Subscription Agreement, the Intel Quartus Prime License Agreement,
the Intel FPGA IP License Agreement, or other applicable license
agreement, including, without limitation, that your use is for
the sole purpose of programming logic devices manufactured by
Intel and sold by Intel or its authorized distributors.  Please
refer to the applicable agreement for further details.



+-------------------------------------------------------------------------------+
; Flow Summary                                                                  ;
+---------------------------------+---------------------------------------------+
; Flow Status                     ; Successful - Wed May 29 17:29:59 2024       ;
; Quartus Prime Version           ; 17.1.0 Build 590 10/25/2017 SJ Lite Edition ;
; Revision Name                   ; projeto-final                               ;
; Top-level Entity Name           ; top                                         ;
; Family                          ; Cyclone V                                   ;
; Device                          ; 5CSEMA5F31C6                                ;
; Timing Models                   ; Final                                       ;
; Logic utilization (in ALMs)     ; 331 / 32,070 ( 1 % )                        ;
; Total registers                 ; 153                                         ;
; Total pins                      ; 72 / 457 ( 16 % )                           ;
; Total virtual pins              ; 0                                           ;
; Total block memory bits         ; 0 / 4,065,280 ( 0 % )                       ;
; Total DSP Blocks                ; 4 / 87 ( 5 % )                              ;
; Total HSSI RX PCSs              ; 0                                           ;
; Total HSSI PMA RX Deserializers ; 0                                           ;
; Total HSSI TX PCSs              ; 0                                           ;
; Total HSSI PMA TX Serializers   ; 0                                           ;
; Total PLLs                      ; 0 / 6 ( 0 % )                               ;
; Total DLLs                      ; 0 / 4 ( 0 % )                               ;
+---------------------------------+---------------------------------------------+


+-----------------------------------------+
; Flow Settings                           ;
+-------------------+---------------------+
; Option            ; Setting             ;
+-------------------+---------------------+
; Start date & time ; 05/29/2024 17:29:24 ;
; Main task         ; Compilation         ;
; Revision Name     ; projeto-final       ;
+-------------------+---------------------+


+-----------------------------------------------------------------------------------------------------------------------------+
; Flow Non-Default Global Settings                                                                                            ;
+-------------------------------------+----------------------------------------+---------------+-------------+----------------+
; Assignment Name                     ; Value                                  ; Default Value ; Entity Name ; Section Id     ;
+-------------------------------------+----------------------------------------+---------------+-------------+----------------+
; COMPILER_SIGNATURE_ID               ; 251776451537625.171701456424480        ; --            ; --          ; --             ;
; EDA_OUTPUT_DATA_FORMAT              ; Verilog Hdl                            ; --            ; --          ; eda_simulation ;
; EDA_SIMULATION_TOOL                 ; ModelSim-Altera (Verilog)              ; <None>        ; --          ; --             ;
; EDA_TIME_SCALE                      ; 1 ps                                   ; --            ; --          ; eda_simulation ;
; MAX_CORE_JUNCTION_TEMP              ; 85                                     ; --            ; --          ; --             ;
; MIN_CORE_JUNCTION_TEMP              ; 0                                      ; --            ; --          ; --             ;
; PARTITION_COLOR                     ; -- (Not supported for targeted family) ; --            ; top         ; Top            ;
; PARTITION_FITTER_PRESERVATION_LEVEL ; -- (Not supported for targeted family) ; --            ; top         ; Top            ;
; PARTITION_NETLIST_TYPE              ; -- (Not supported for targeted family) ; --            ; top         ; Top            ;
; POWER_BOARD_THERMAL_MODEL           ; None (CONSERVATIVE)                    ; --            ; --          ; --             ;
; POWER_PRESET_COOLING_SOLUTION       ; 23 MM HEAT SINK WITH 200 LFPM AIRFLOW  ; --            ; --          ; --             ;
; PROJECT_OUTPUT_DIRECTORY            ; output_files                           ; --            ; --          ; --             ;
; TOP_LEVEL_ENTITY                    ; top                                    ; projeto-final ; --          ; --             ;
+-------------------------------------+----------------------------------------+---------------+-------------+----------------+


+-------------------------------------------------------------------------------------------------------------------------------+
; Flow Elapsed Time                                                                                                             ;
+---------------------------+--------------+-------------------------+---------------------+------------------------------------+
; Module Name               ; Elapsed Time ; Average Processors Used ; Peak Virtual Memory ; Total CPU Time (on all processors) ;
+---------------------------+--------------+-------------------------+---------------------+------------------------------------+
; Analysis & Synthesis      ; 00:00:06     ; 1.0                     ; 1305 MB             ; 00:00:14                           ;
; Fitter                    ; 00:00:19     ; 1.2                     ; 3129 MB             ; 00:01:16                           ;
; Assembler                 ; 00:00:03     ; 1.0                     ; 1174 MB             ; 00:00:03                           ;
; TimeQuest Timing Analyzer ; 00:00:04     ; 1.5                     ; 1518 MB             ; 00:00:04                           ;
; EDA Netlist Writer        ; 00:00:01     ; 1.0                     ; 1349 MB             ; 00:00:01                           ;
; Total                     ; 00:00:33     ; --                      ; --                  ; 00:01:38                           ;
+---------------------------+--------------+-------------------------+---------------------+------------------------------------+


+--------------------------------------------------------------------------------------------------+
; Flow OS Summary                                                                                  ;
+---------------------------+-------------------------+-------------+-------------+----------------+
; Module Name               ; Machine Hostname        ; OS Name     ; OS Version  ; Processor type ;
+---------------------------+-------------------------+-------------+-------------+----------------+
; Analysis & Synthesis      ; snake.lab.ic.unicamp.br ; Fedora Core ; Fedora Core ; x86_64         ;
; Fitter                    ; snake.lab.ic.unicamp.br ; Fedora Core ; Fedora Core ; x86_64         ;
; Assembler                 ; snake.lab.ic.unicamp.br ; Fedora Core ; Fedora Core ; x86_64         ;
; TimeQuest Timing Analyzer ; snake.lab.ic.unicamp.br ; Fedora Core ; Fedora Core ; x86_64         ;
; EDA Netlist Writer        ; snake.lab.ic.unicamp.br ; Fedora Core ; Fedora Core ; x86_64         ;
+---------------------------+-------------------------+-------------+-------------+----------------+


------------
; Flow Log ;
------------
quartus_map --read_settings_files=on --write_settings_files=off projeto-final -c projeto-final
quartus_fit --read_settings_files=off --write_settings_files=off projeto-final -c projeto-final
quartus_asm --read_settings_files=off --write_settings_files=off projeto-final -c projeto-final
quartus_sta projeto-final -c projeto-final
quartus_eda --read_settings_files=off --write_settings_files=off projeto-final -c projeto-final



